
=== Tue Sep  6 10:12:54 2022

Packages were changed.
Update Mode: updateDependencies

The following packages were updated:
  com.unity.collab-proxy from version 1.17.1 to 1.17.2

=== Fri Sep 16 13:56:46 2022

Packages were changed.
Update Mode: updateDependencies

The following packages were updated:
  com.unity.ads from version 4.1.0 to 4.3.0

=== Wed Nov 15 18:46:15 2023

Packages were changed.
Update Mode: updateDependencies

The following packages were added:
  com.unity.modules.accessibility@1.0.0
The following packages were updated:
  com.unity.collab-proxy from version 2.0.5 to 2.2.0
  com.unity.ext.nunit from version 2.0.3 to 2.0.5
  com.unity.ugui from version 1.0.0 to 2.0.0
The following packages were removed:
  com.unity.textmeshpro@3.0.6

=== Thu Nov 16 07:18:10 2023

Packages were changed.
Update Mode: updateDependencies

The following packages were added:
  com.unity.ai.navigation@1.1.5
The following packages were updated:
  com.unity.ads from version 4.3.0 to 4.4.2
  com.unity.collab-proxy from version 1.17.2 to 2.2.0
  com.unity.ide.rider from version 3.0.15 to 3.0.26
  com.unity.ide.visualstudio from version 2.0.16 to 2.0.22
  com.unity.timeline from version 1.7.1 to 1.7.6

=== Thu Nov 16 14:47:55 2023

Packages were changed.
Update Mode: updateDependencies

The following packages were added:
  com.unity.modules.accessibility@1.0.0
The following packages were updated:
  com.unity.ai.navigation from version 1.1.5 to 2.0.0
  com.unity.ext.nunit from version 1.0.6 to 2.0.5
  com.unity.test-framework from version 1.1.33 to 1.3.9
  com.unity.timeline from version 1.7.6 to 1.8.6
  com.unity.ugui from version 1.0.0 to 2.0.0
The following packages were removed:
  com.unity.textmeshpro@3.0.6
